g:\projects\c++\hazel\bin-int\debug-x64\sandbox\vc143.pdb
g:\projects\c++\hazel\bin-int\debug-x64\sandbox\vc143.idb
g:\projects\c++\hazel\bin-int\debug-x64\sandbox\sandboxapp.obj
g:\projects\c++\hazel\bin\debug-x64\sandbox\sandbox.exe
g:\projects\c++\hazel\bin-int\debug-x64\sandbox\sandbox.ilk
g:\projects\c++\hazel\bin\debug-x64\sandbox\sandbox.pdb
g:\projects\c++\hazel\bin-int\debug-x64\sandbox\sandbox.obj
g:\projects\c++\hazel\bin-int\debug-x64\sandbox\sandbox.vcxproj.filelistabsolute.txt
g:\projects\c++\hazel\bin-int\debug-x64\sandbox\sandbox.tlog\cl.command.1.tlog
g:\projects\c++\hazel\bin-int\debug-x64\sandbox\sandbox.tlog\cl.read.1.tlog
g:\projects\c++\hazel\bin-int\debug-x64\sandbox\sandbox.tlog\cl.write.1.tlog
g:\projects\c++\hazel\bin-int\debug-x64\sandbox\sandbox.tlog\link-cvtres.read.1.tlog
g:\projects\c++\hazel\bin-int\debug-x64\sandbox\sandbox.tlog\link-cvtres.write.1.tlog
g:\projects\c++\hazel\bin-int\debug-x64\sandbox\sandbox.tlog\link-rc.read.1.tlog
g:\projects\c++\hazel\bin-int\debug-x64\sandbox\sandbox.tlog\link-rc.write.1.tlog
g:\projects\c++\hazel\bin-int\debug-x64\sandbox\sandbox.tlog\link.1992-cvtres.read.1.tlog
g:\projects\c++\hazel\bin-int\debug-x64\sandbox\sandbox.tlog\link.1992-cvtres.write.1.tlog
g:\projects\c++\hazel\bin-int\debug-x64\sandbox\sandbox.tlog\link.1992-rc.read.1.tlog
g:\projects\c++\hazel\bin-int\debug-x64\sandbox\sandbox.tlog\link.1992-rc.write.1.tlog
g:\projects\c++\hazel\bin-int\debug-x64\sandbox\sandbox.tlog\link.1992.read.1.tlog
g:\projects\c++\hazel\bin-int\debug-x64\sandbox\sandbox.tlog\link.1992.read.2.tlog
g:\projects\c++\hazel\bin-int\debug-x64\sandbox\sandbox.tlog\link.1992.write.1.tlog
g:\projects\c++\hazel\bin-int\debug-x64\sandbox\sandbox.tlog\link.command.1.tlog
g:\projects\c++\hazel\bin-int\debug-x64\sandbox\sandbox.tlog\link.read.1.tlog
g:\projects\c++\hazel\bin-int\debug-x64\sandbox\sandbox.tlog\link.read.2.tlog
g:\projects\c++\hazel\bin-int\debug-x64\sandbox\sandbox.tlog\link.write.1.tlog
